<?xml version="1.0" encoding="UTF-8"?>
<!-- Generated by org.testng.reporters.JUnitXMLReporter -->
<testsuite ignored="0" hostname="DESKTOP-81PUDA5" failures="0" tests="1" name="Test" time="0.222" errors="0" timestamp="2022-09-15T17:47:55 IST">
  <testcase classname="TestNG_DDF.KITE_TEST" name="@BeforeClass openBrowser" time="0.139">
    <failure type="java.lang.NoSuchMethodError" message="&amp;apos;byte[] org.apache.commons.io.IOUtils.byteArray(int)&amp;apos;">
      <![CDATA[java.lang.NoSuchMethodError: 'byte[] org.apache.commons.io.IOUtils.byteArray(int)'
at org.apache.commons.io.output.AbstractByteArrayOutputStream.needNewBuffer(AbstractByteArrayOutputStream.java:104)
at org.apache.commons.io.output.UnsynchronizedByteArrayOutputStream.<init>(UnsynchronizedByteArrayOutputStream.java:51)
at org.apache.poi.util.IOUtils.peekFirstNBytes(IOUtils.java:139)
at org.apache.poi.poifs.filesystem.FileMagic.valueOf(FileMagic.java:209)
at org.apache.poi.ss.usermodel.WorkbookFactory.create(WorkbookFactory.java:222)
at org.apache.poi.ss.usermodel.WorkbookFactory.create(WorkbookFactory.java:185)
at TestNG_DDF.KITE_TEST.openBrowser(KITE_TEST.java:29)
at java.base/java.util.ArrayList.forEach(ArrayList.java:1511)
... Removed 25 stack frames]]>
    </failure>
  </testcase> <!-- @BeforeClass openBrowser -->
  <testcase classname="TestNG_DDF.KITE_TEST" name="@BeforeMethod loginToApp" time="-1.663244275516E9">
    <skipped/>
  </testcase> <!-- @BeforeMethod loginToApp -->
  <testcase classname="TestNG_DDF.KITE_TEST" name="@AfterMethod logoutApp" time="-1.663244275525E9">
    <skipped/>
  </testcase> <!-- @AfterMethod logoutApp -->
  <testcase classname="TestNG_DDF.KITE_TEST" name="@AfterClass closeBrowser" time="-1.663244275528E9">
    <skipped/>
  </testcase> <!-- @AfterClass closeBrowser -->
  <testcase classname="TestNG_DDF.KITE_TEST" name="verifyuserID" time="0.0">
    <skipped/>
  </testcase> <!-- verifyuserID -->
</testsuite> <!-- Test -->
